[90m9:47PM[0m [33mWRN[0m [1mwebhook secret is empty, signature verification is disabled[0m
[GIN-debug] [WARNING] Creating an Engine instance with the Logger and Recovery middleware already attached.

[GIN-debug] [WARNING] Running in "debug" mode. Switch to "release" mode in production.
 - using env:	export GIN_MODE=release
 - using code:	gin.SetMode(gin.ReleaseMode)

[GIN-debug] POST   /api/auth/register        --> kms-server/internal/auth.(*Handler).Register-fm (5 handlers)
[GIN-debug] POST   /api/auth/login           --> kms-server/internal/auth.(*Handler).Login-fm (5 handlers)
[GIN-debug] POST   /api/auth/refresh         --> kms-server/internal/auth.(*Handler).Refresh-fm (5 handlers)
[GIN-debug] GET    /api/auth/me              --> kms-server/internal/auth.(*Handler).Me-fm (5 handlers)
[GIN-debug] GET    /api/notes                --> kms-server/internal/note.(*Handler).List-fm (5 handlers)
[GIN-debug] POST   /api/notes                --> kms-server/internal/note.(*Handler).Create-fm (5 handlers)
[GIN-debug] GET    /api/notes/*path          --> kms-server/internal/note.(*Handler).Get-fm (5 handlers)
[GIN-debug] PUT    /api/notes/*path          --> kms-server/internal/note.(*Handler).Update-fm (5 handlers)
[GIN-debug] DELETE /api/notes/*path          --> kms-server/internal/note.(*Handler).Delete-fm (5 handlers)
[GIN-debug] GET    /api/history/*path        --> kms-server/internal/note.(*Handler).History-fm (5 handlers)
[GIN-debug] GET    /api/search               --> kms-server/internal/search.(*Handler).Search-fm (5 handlers)
[GIN-debug] GET    /api/backlinks/:id        --> kms-server/internal/search.(*Handler).Backlinks-fm (5 handlers)
[GIN-debug] GET    /api/graph                --> kms-server/internal/graph.(*Handler).GetGraph-fm (5 handlers)
[GIN-debug] GET    /api/graph/orphans        --> kms-server/internal/graph.(*Handler).GetOrphans-fm (5 handlers)
[GIN-debug] POST   /webhooks/gitea           --> kms-server/internal/sync.(*WebhookHandler).Handle-fm (5 handlers)
[GIN-debug] GET    /health                   --> main.main.func1 (5 handlers)
[90m9:47PM[0m [32mINF[0m [1mKMS server starting[0m [36maddr=[0m:8000
[GIN-debug] [WARNING] You trusted all proxies, this is NOT safe. We recommend you to set a value.
Please check https://pkg.go.dev/github.com/gin-gonic/gin#readme-don-t-trust-all-proxies for details.
[GIN-debug] Listening and serving HTTP on :8000
[90m9:47PM[0m [33mWRN[0m [1mreindex: skip[0m [36merror=[0m[31m[1m"no frontmatter in README"[0m[0m [36mpath=[0mREADME
[90m9:47PM[0m [32mINF[0m [1mstartup reindex complete[0m [36mnotes=[0m5
[GIN] 2026/05/27 - 21:48:53 | 401 |      81.584µs |             ::1 | GET      "/api/notes"
[GIN] 2026/05/27 - 21:50:33 | 401 |   85.329625ms |             ::1 | POST     "/api/auth/login"
[GIN] 2026/05/27 - 21:51:18 | 401 |    77.94525ms |             ::1 | POST     "/api/auth/login"
[GIN] 2026/05/27 - 21:52:00 | 401 |   47.694042ms |             ::1 | POST     "/api/auth/login"
[GIN] 2026/05/27 - 21:52:48 | 200 |   47.190791ms |             ::1 | POST     "/api/auth/login"
[GIN] 2026/05/27 - 21:53:12 | 200 |   83.475292ms |             ::1 | POST     "/api/auth/login"
[GIN] 2026/05/27 - 21:53:12 | 200 |    1.903209ms |             ::1 | GET      "/api/notes"
[GIN] 2026/05/27 - 21:53:19 | 200 |     884.458µs |             ::1 | GET      "/api/auth/me"
[GIN] 2026/05/27 - 21:53:19 | 200 |    2.325792ms |             ::1 | GET      "/api/notes"
[GIN] 2026/05/27 - 21:53:22 | 200 |   94.446792ms |             ::1 | GET      "/api/notes/notes/projects/kms-system"
[GIN] 2026/05/27 - 21:53:22 | 200 |    4.013875ms |             ::1 | GET      "/api/backlinks/01KSJCGWQD1T1PGAG027HM6C7N"
[GIN] 2026/05/27 - 21:53:41 | 200 |    3.184292ms |             ::1 | GET      "/api/graph"
[GIN] 2026/05/27 - 21:53:44 | 200 |    1.421833ms |             ::1 | GET      "/api/backlinks/01KSJCGWQD1T1PGAG027HM6C7N"
[GIN] 2026/05/27 - 21:53:44 | 200 |     930.792µs |             ::1 | GET      "/api/notes"
[GIN] 2026/05/27 - 21:53:50 | 200 |    1.217708ms |             ::1 | GET      "/api/backlinks/01KSJCGWQD1T1PGAG027HM6C7N"
[GIN] 2026/05/27 - 21:53:50 | 200 |    3.141792ms |             ::1 | GET      "/api/notes"
[GIN] 2026/05/27 - 21:53:55 | 200 |     1.87225ms |             ::1 | GET      "/api/graph"
[GIN] 2026/05/27 - 21:54:29 | 200 |  117.318625ms |             ::1 | GET      "/api/notes?dir=notes%2Fengineering"
[GIN] 2026/05/27 - 21:54:30 | 200 |  106.016208ms |             ::1 | GET      "/api/notes?dir=notes%2Fengineering"
[GIN] 2026/05/27 - 21:54:33 | 200 |  109.733458ms |             ::1 | GET      "/api/notes?dir=notes%2Fengineering"
[GIN] 2026/05/27 - 21:54:34 | 200 |  104.236125ms |             ::1 | GET      "/api/notes?dir=notes%2Fengineering"
[GIN] 2026/05/27 - 21:54:34 | 200 |   63.523167ms |             ::1 | GET      "/api/notes?dir=notes%2Fengineering"
[GIN] 2026/05/27 - 21:54:52 | 200 |    1.008958ms |             ::1 | GET      "/api/notes"
[GIN] 2026/05/27 - 21:54:52 | 200 |    1.119708ms |             ::1 | GET      "/api/backlinks/01KSJCGWQD1T1PGAG027HM6C7N"
[GIN] 2026/05/27 - 21:55:04 | 200 |   82.426667ms |             ::1 | GET      "/api/notes/notes/test/first-note"
[GIN] 2026/05/27 - 21:55:04 | 200 |    1.104917ms |             ::1 | GET      "/api/backlinks/01KSJD115W7E0YH6BF9TQ79DTF"
[GIN] 2026/05/27 - 21:55:05 | 200 |   77.686708ms |             ::1 | GET      "/api/notes/notes/test/verify"
[GIN] 2026/05/27 - 21:55:06 | 200 |     807.667µs |             ::1 | GET      "/api/backlinks/01KSJD3H6ZVHSCQ77N06E9NP32"
[GIN] 2026/05/27 - 22:35:32 | 200 |    1.330416ms |             ::1 | GET      "/api/auth/me"
[GIN] 2026/05/27 - 22:35:32 | 200 |    1.181042ms |             ::1 | GET      "/api/notes"
[GIN] 2026/05/27 - 22:35:44 | 200 |    1.431708ms |             ::1 | GET      "/api/auth/me"
[GIN] 2026/05/27 - 22:35:44 | 200 |    1.073959ms |             ::1 | GET      "/api/notes"
[GIN] 2026/05/27 - 22:38:10 | 200 |      64.225ms |             ::1 | GET      "/api/notes/notes/test/verify"
[GIN] 2026/05/27 - 22:38:10 | 200 |    1.017084ms |             ::1 | GET      "/api/backlinks/01KSJD3H6ZVHSCQ77N06E9NP32"
